<?xml version="1.0" encoding="UTF-8"?>
<testng-results ignored="0" total="4" passed="4" failed="0" skipped="0">
  <reporter-output>
  </reporter-output>
  <suite started-at="2022-02-16T14:40:00 IST" name="Default suite" finished-at="2022-02-16T14:41:35 IST" duration-ms="95304">
    <groups>
    </groups>
    <test started-at="2022-02-16T14:40:00 IST" name="Default test" finished-at="2022-02-16T14:41:35 IST" duration-ms="95304">
      <class name="com.facebook.login.FacebookLogin">
        <test-method is-config="true" signature="ExtentRep()[pri:0, instance:com.facebook.login.FacebookLogin@73ee04c8]" started-at="2022-02-16T14:40:00 IST" name="ExtentRep" finished-at="2022-02-16T14:40:00 IST" duration-ms="306" status="PASS">
          <reporter-output>
          </reporter-output>
        </test-method> <!-- ExtentRep -->
        <test-method signature="LogError1()[pri:0, instance:com.facebook.login.FacebookLogin@73ee04c8]" started-at="2022-02-16T14:40:00 IST" name="LogError1" finished-at="2022-02-16T14:40:26 IST" duration-ms="25128" status="PASS">
          <reporter-output>
          </reporter-output>
        </test-method> <!-- LogError1 -->
        <test-method signature="LogError2()[pri:0, instance:com.facebook.login.FacebookLogin@73ee04c8]" started-at="2022-02-16T14:40:26 IST" name="LogError2" finished-at="2022-02-16T14:40:48 IST" duration-ms="22095" status="PASS">
          <reporter-output>
          </reporter-output>
        </test-method> <!-- LogError2 -->
        <test-method signature="Logerror()[pri:0, instance:com.facebook.login.FacebookLogin@73ee04c8]" started-at="2022-02-16T14:40:48 IST" name="Logerror" finished-at="2022-02-16T14:41:07 IST" duration-ms="19374" status="PASS">
          <reporter-output>
          </reporter-output>
        </test-method> <!-- Logerror -->
        <test-method signature="login()[pri:0, instance:com.facebook.login.FacebookLogin@73ee04c8]" started-at="2022-02-16T14:41:07 IST" name="login" finished-at="2022-02-16T14:41:34 IST" duration-ms="26636" status="PASS">
          <reporter-output>
          </reporter-output>
        </test-method> <!-- login -->
        <test-method is-config="true" signature="end()[pri:0, instance:com.facebook.login.FacebookLogin@73ee04c8]" started-at="2022-02-16T14:41:34 IST" name="end" finished-at="2022-02-16T14:41:35 IST" duration-ms="1701" status="PASS">
          <reporter-output>
          </reporter-output>
        </test-method> <!-- end -->
      </class> <!-- com.facebook.login.FacebookLogin -->
    </test> <!-- Default test -->
  </suite> <!-- Default suite -->
</testng-results>
