<?xml version="1.0" encoding="UTF-8"?>
<!-- Generated by org.testng.reporters.JUnitXMLReporter -->
<testsuite ignored="0" hostname="DESKTOP-1Q3HBC8" failures="0" tests="4" name="Default test" time="95.304" errors="0" timestamp="2022-02-16T14:41:36 IST">
  <testcase classname="com.facebook.login.FacebookLogin" name="LogError1" time="25.128"/>
  <testcase classname="com.facebook.login.FacebookLogin" name="LogError2" time="22.095"/>
  <testcase classname="com.facebook.login.FacebookLogin" name="Logerror" time="19.374"/>
  <testcase classname="com.facebook.login.FacebookLogin" name="login" time="26.636"/>
</testsuite> <!-- Default test -->
